# JRE version: OpenJDK Runtime Environment Temurin-17.0.3+7 (17.0.3+7) (build 17.0.3+7)
# Java VM: OpenJDK 64-Bit Server VM Temurin-17.0.3+7 (17.0.3+7, mixed mode, emulated-client, tiered, compressed oops, compressed class ptrs, g1 gc, windows-amd64)
GC Precious Log:
 CPUs: 4 total, 4 available
 Memory: 4012M
 Large Page Support: Disabled
 NUMA Support: Disabled
 Compressed Oops: Enabled (32-bit)
 Heap Region Size: 1M
 Heap Min Capacity: 8M
 Heap Initial Capacity: 64M
 Heap Max Capacity: 1004M
 Pre-touch: Disabled
 Parallel Workers: 4
 Concurrent Workers: 1
 Concurrent Refinement Workers: 4
 Periodic GC: Disabled
Heap:
 garbage-first heap   total 561152K, used 95716K [0x00000000c1400000, 0x0000000100000000)
  region size 1024K, 12 young (12288K), 12 survivors (12288K)
 Metaspace       used 80921K, committed 81600K, reserved 1122304K
  class space    used 10832K, committed 11136K, reserved 1048576K
GC Heap History (20 events):
Event: 22416.649 GC heap after
{Heap after GC invocations=270 (full 1):
 garbage-first heap   total 342016K, used 87885K [0x00000000c1400000, 0x0000000100000000)
  region size 1024K, 2 young (2048K), 2 survivors (2048K)
 Metaspace       used 80921K, committed 81600K, reserved 1122304K
  class space    used 10832K, committed 11136K, reserved 1048576K
}
Event: 22417.490 GC heap before
{Heap before GC invocations=270 (full 1):
 garbage-first heap   total 342016K, used 279373K [0x00000000c1400000, 0x0000000100000000)
  region size 1024K, 189 young (193536K), 2 survivors (2048K)
 Metaspace       used 80921K, committed 81600K, reserved 1122304K
  class space    used 10832K, committed 11136K, reserved 1048576K
}
Event: 22417.506 GC heap after
{Heap after GC invocations=271 (full 1):
 garbage-first heap   total 342016K, used 99857K [0x00000000c1400000, 0x0000000100000000)
  region size 1024K, 14 young (14336K), 14 survivors (14336K)
 Metaspace       used 80921K, committed 81600K, reserved 1122304K
  class space    used 10832K, committed 11136K, reserved 1048576K
}
Event: 22418.818 GC heap before
{Heap before GC invocations=272 (full 1):
 garbage-first heap   total 342016K, used 279057K [0x00000000c1400000, 0x0000000100000000)
  region size 1024K, 189 young (193536K), 14 survivors (14336K)
 Metaspace       used 80921K, committed 81600K, reserved 1122304K
  class space    used 10832K, committed 11136K, reserved 1048576K
}
Event: 22418.842 GC heap after
{Heap after GC invocations=273 (full 1):
 garbage-first heap   total 342016K, used 108971K [0x00000000c1400000, 0x0000000100000000)
  region size 1024K, 10 young (10240K), 10 survivors (10240K)
 Metaspace       used 80921K, committed 81600K, reserved 1122304K
  class space    used 10832K, committed 11136K, reserved 1048576K
}
Event: 22418.875 GC heap before
{Heap before GC invocations=273 (full 1):
 garbage-first heap   total 342016K, used 115115K [0x00000000c1400000, 0x0000000100000000)
  region size 1024K, 16 young (16384K), 10 survivors (10240K)
 Metaspace       used 80921K, committed 81600K, reserved 1122304K
  class space    used 10832K, committed 11136K, reserved 1048576K
}
Event: 22418.909 GC heap after
{Heap after GC invocations=274 (full 1):
 garbage-first heap   total 342016K, used 102277K [0x00000000c1400000, 0x0000000100000000)
  region size 1024K, 2 young (2048K), 2 survivors (2048K)
 Metaspace       used 80921K, committed 81600K, reserved 1122304K
  class space    used 10832K, committed 11136K, reserved 1048576K
}
Event: 22419.575 GC heap before
{Heap before GC invocations=274 (full 1):
 garbage-first heap   total 342016K, used 280453K [0x00000000c1400000, 0x0000000100000000)
  region size 1024K, 176 young (180224K), 2 survivors (2048K)
 Metaspace       used 80921K, committed 81600K, reserved 1122304K
  class space    used 10832K, committed 11136K, reserved 1048576K
}
Event: 22419.584 GC heap after
{Heap after GC invocations=275 (full 1):
 garbage-first heap   total 342016K, used 109833K [0x00000000c1400000, 0x0000000100000000)
  region size 1024K, 9 young (9216K), 9 survivors (9216K)
 Metaspace       used 80921K, committed 81600K, reserved 1122304K
  class space    used 10832K, committed 11136K, reserved 1048576K
}
Event: 22420.409 GC heap before
{Heap before GC invocations=276 (full 1):
 garbage-first heap   total 317440K, used 256723K [0x00000000c1400000, 0x0000000100000000)
  region size 1024K, 180 young (184320K), 9 survivors (9216K)
 Metaspace       used 80921K, committed 81600K, reserved 1122304K
  class space    used 10832K, committed 11136K, reserved 1048576K
}
Event: 22420.434 GC heap after
{Heap after GC invocations=277 (full 1):
 garbage-first heap   total 317440K, used 93064K [0x00000000c1400000, 0x0000000100000000)
  region size 1024K, 20 young (20480K), 20 survivors (20480K)
 Metaspace       used 80921K, committed 81600K, reserved 1122304K
  class space    used 10832K, committed 11136K, reserved 1048576K
}
Event: 22420.440 GC heap before
{Heap before GC invocations=277 (full 1):
 garbage-first heap   total 317440K, used 94088K [0x00000000c1400000, 0x0000000100000000)
  region size 1024K, 21 young (21504K), 20 survivors (20480K)
 Metaspace       used 80921K, committed 81600K, reserved 1122304K
  class space    used 10832K, committed 11136K, reserved 1048576K
}
Event: 22420.479 GC heap after
{Heap after GC invocations=278 (full 1):
 garbage-first heap   total 317440K, used 88519K [0x00000000c1400000, 0x0000000100000000)
  region size 1024K, 2 young (2048K), 2 survivors (2048K)
 Metaspace       used 80921K, committed 81600K, reserved 1122304K
  class space    used 10832K, committed 11136K, reserved 1048576K
}
Event: 22421.161 GC heap before
{Heap before GC invocations=278 (full 1):
 garbage-first heap   total 317440K, used 259527K [0x00000000c1400000, 0x0000000100000000)
  region size 1024K, 169 young (173056K), 2 survivors (2048K)
 Metaspace       used 80921K, committed 81600K, reserved 1122304K
  class space    used 10832K, committed 11136K, reserved 1048576K
}
Event: 22421.172 GC heap after
{Heap after GC invocations=279 (full 1):
 garbage-first heap   total 317440K, used 93454K [0x00000000c1400000, 0x0000000100000000)
  region size 1024K, 7 young (7168K), 7 survivors (7168K)
 Metaspace       used 80921K, committed 81600K, reserved 1122304K
  class space    used 10832K, committed 11136K, reserved 1048576K
}
Event: 22422.064 GC heap before
{Heap before GC invocations=280 (full 1):
 garbage-first heap   total 317440K, used 255695K [0x00000000c1400000, 0x0000000100000000)
  region size 1024K, 171 young (175104K), 7 survivors (7168K)
 Metaspace       used 80921K, committed 81600K, reserved 1122304K
  class space    used 10832K, committed 11136K, reserved 1048576K
}
Event: 22422.081 GC heap after
{Heap after GC invocations=281 (full 1):
 garbage-first heap   total 317440K, used 95112K [0x00000000c1400000, 0x0000000100000000)
  region size 1024K, 14 young (14336K), 14 survivors (14336K)
 Metaspace       used 80921K, committed 81600K, reserved 1122304K
  class space    used 10832K, committed 11136K, reserved 1048576K
}
Event: 22422.087 GC heap before
{Heap before GC invocations=281 (full 1):
 garbage-first heap   total 317440K, used 96136K [0x00000000c1400000, 0x0000000100000000)
  region size 1024K, 15 young (15360K), 14 survivors (14336K)
 Metaspace       used 80921K, committed 81600K, reserved 1122304K
  class space    used 10832K, committed 11136K, reserved 1048576K
}
Event: 22422.113 GC heap after
{Heap after GC invocations=282 (full 1):
 garbage-first heap   total 317440K, used 86202K [0x00000000c1400000, 0x0000000100000000)
  region size 1024K, 2 young (2048K), 2 survivors (2048K)
 Metaspace       used 80921K, committed 81600K, reserved 1122304K
  class space    used 10832K, committed 11136K, reserved 1048576K
}
Event: 22422.927 GC heap before
{Heap before GC invocations=282 (full 1):
 garbage-first heap   total 317440K, used 260282K [0x00000000c1400000, 0x0000000100000000)
  region size 1024K, 172 young (176128K), 2 survivors (2048K)
 Metaspace       used 80921K, committed 81600K, reserved 1122304K
  class space    used 10832K, committed 11136K, reserved 1048576K
}

