# JRE version: OpenJDK Runtime Environment Temurin-17.0.3+7 (17.0.3+7) (build 17.0.3+7)
# Java VM: OpenJDK 64-Bit Server VM Temurin-17.0.3+7 (17.0.3+7, mixed mode, emulated-client, tiered, compressed oops, compressed class ptrs, g1 gc, windows-amd64)
GC Precious Log:
 CPUs: 4 total, 4 available
 Memory: 4012M
 Large Page Support: Disabled
 NUMA Support: Disabled
 Compressed Oops: Enabled (32-bit)
 Heap Region Size: 1M
 Heap Min Capacity: 8M
 Heap Initial Capacity: 64M
 Heap Max Capacity: 1004M
 Pre-touch: Disabled
 Parallel Workers: 4
 Concurrent Workers: 1
 Concurrent Refinement Workers: 4
 Periodic GC: Disabled
Heap:
 garbage-first heap   total 227328K, used 72660K [0x00000000c1400000, 0x0000000100000000)
  region size 1024K, 7 young (7168K), 7 survivors (7168K)
 Metaspace       used 71285K, committed 71808K, reserved 1114112K
  class space    used 9608K, committed 9856K, reserved 1048576K
GC Heap History (20 events):
Event: 123.604 GC heap after
{Heap after GC invocations=121 (full 0):
 garbage-first heap   total 222208K, used 63870K [0x00000000c1400000, 0x0000000100000000)
  region size 1024K, 1 young (1024K), 1 survivors (1024K)
 Metaspace       used 71285K, committed 71808K, reserved 1114112K
  class space    used 9608K, committed 9856K, reserved 1048576K
}
Event: 124.608 GC heap before
{Heap before GC invocations=121 (full 0):
 garbage-first heap   total 222208K, used 182654K [0x00000000c1400000, 0x0000000100000000)
  region size 1024K, 117 young (119808K), 1 survivors (1024K)
 Metaspace       used 71285K, committed 71808K, reserved 1114112K
  class space    used 9608K, committed 9856K, reserved 1048576K
}
Event: 124.616 GC heap after
{Heap after GC invocations=122 (full 0):
 garbage-first heap   total 222208K, used 71305K [0x00000000c1400000, 0x0000000100000000)
  region size 1024K, 8 young (8192K), 8 survivors (8192K)
 Metaspace       used 71285K, committed 71808K, reserved 1114112K
  class space    used 9608K, committed 9856K, reserved 1048576K
}
Event: 125.822 GC heap before
{Heap before GC invocations=122 (full 0):
 garbage-first heap   total 222208K, used 182921K [0x00000000c1400000, 0x0000000100000000)
  region size 1024K, 117 young (119808K), 8 survivors (8192K)
 Metaspace       used 71285K, committed 71808K, reserved 1114112K
  class space    used 9608K, committed 9856K, reserved 1048576K
}
Event: 125.844 GC heap after
{Heap after GC invocations=123 (full 0):
 garbage-first heap   total 222208K, used 75626K [0x00000000c1400000, 0x0000000100000000)
  region size 1024K, 12 young (12288K), 12 survivors (12288K)
 Metaspace       used 71285K, committed 71808K, reserved 1114112K
  class space    used 9608K, committed 9856K, reserved 1048576K
}
Event: 127.105 GC heap before
{Heap before GC invocations=123 (full 0):
 garbage-first heap   total 222208K, used 183146K [0x00000000c1400000, 0x0000000100000000)
  region size 1024K, 117 young (119808K), 12 survivors (12288K)
 Metaspace       used 71285K, committed 71808K, reserved 1114112K
  class space    used 9608K, committed 9856K, reserved 1048576K
}
Event: 127.166 GC heap after
{Heap after GC invocations=124 (full 0):
 garbage-first heap   total 222208K, used 81787K [0x00000000c1400000, 0x0000000100000000)
  region size 1024K, 11 young (11264K), 11 survivors (11264K)
 Metaspace       used 71285K, committed 71808K, reserved 1114112K
  class space    used 9608K, committed 9856K, reserved 1048576K
}
Event: 128.432 GC heap before
{Heap before GC invocations=124 (full 0):
 garbage-first heap   total 222208K, used 184187K [0x00000000c1400000, 0x0000000100000000)
  region size 1024K, 111 young (113664K), 11 survivors (11264K)
 Metaspace       used 71285K, committed 71808K, reserved 1114112K
  class space    used 9608K, committed 9856K, reserved 1048576K
}
Event: 128.480 GC heap after
{Heap after GC invocations=125 (full 0):
 garbage-first heap   total 222208K, used 88833K [0x00000000c1400000, 0x0000000100000000)
  region size 1024K, 13 young (13312K), 13 survivors (13312K)
 Metaspace       used 71285K, committed 71808K, reserved 1114112K
  class space    used 9608K, committed 9856K, reserved 1048576K
}
Event: 130.009 GC heap before
{Heap before GC invocations=125 (full 0):
 garbage-first heap   total 222208K, used 185089K [0x00000000c1400000, 0x0000000100000000)
  region size 1024K, 107 young (109568K), 13 survivors (13312K)
 Metaspace       used 71285K, committed 71808K, reserved 1114112K
  class space    used 9608K, committed 9856K, reserved 1048576K
}
Event: 130.049 GC heap after
{Heap after GC invocations=126 (full 0):
 garbage-first heap   total 222208K, used 91426K [0x00000000c1400000, 0x0000000100000000)
  region size 1024K, 10 young (10240K), 10 survivors (10240K)
 Metaspace       used 71285K, committed 71808K, reserved 1114112K
  class space    used 9608K, committed 9856K, reserved 1048576K
}
Event: 130.782 GC heap before
{Heap before GC invocations=126 (full 0):
 garbage-first heap   total 222208K, used 185634K [0x00000000c1400000, 0x0000000100000000)
  region size 1024K, 102 young (104448K), 10 survivors (10240K)
 Metaspace       used 71285K, committed 71808K, reserved 1114112K
  class space    used 9608K, committed 9856K, reserved 1048576K
}
Event: 130.801 GC heap after
{Heap after GC invocations=127 (full 0):
 garbage-first heap   total 222208K, used 96877K [0x00000000c1400000, 0x0000000100000000)
  region size 1024K, 8 young (8192K), 8 survivors (8192K)
 Metaspace       used 71285K, committed 71808K, reserved 1114112K
  class space    used 9608K, committed 9856K, reserved 1048576K
}
Event: 131.895 GC heap before
{Heap before GC invocations=127 (full 0):
 garbage-first heap   total 222208K, used 185965K [0x00000000c1400000, 0x0000000100000000)
  region size 1024K, 95 young (97280K), 8 survivors (8192K)
 Metaspace       used 71285K, committed 71808K, reserved 1114112K
  class space    used 9608K, committed 9856K, reserved 1048576K
}
Event: 131.919 GC heap after
{Heap after GC invocations=128 (full 0):
 garbage-first heap   total 222208K, used 102918K [0x00000000c1400000, 0x0000000100000000)
  region size 1024K, 12 young (12288K), 12 survivors (12288K)
 Metaspace       used 71285K, committed 71808K, reserved 1114112K
  class space    used 9608K, committed 9856K, reserved 1048576K
}
Event: 133.254 GC heap before
{Heap before GC invocations=129 (full 0):
 garbage-first heap   total 222208K, used 152070K [0x00000000c1400000, 0x0000000100000000)
  region size 1024K, 93 young (95232K), 12 survivors (12288K)
 Metaspace       used 71285K, committed 71808K, reserved 1114112K
  class space    used 9608K, committed 9856K, reserved 1048576K
}
Event: 133.275 GC heap after
{Heap after GC invocations=130 (full 0):
 garbage-first heap   total 222208K, used 71099K [0x00000000c1400000, 0x0000000100000000)
  region size 1024K, 8 young (8192K), 8 survivors (8192K)
 Metaspace       used 71285K, committed 71808K, reserved 1114112K
  class space    used 9608K, committed 9856K, reserved 1048576K
}
Event: 133.291 GC heap before
{Heap before GC invocations=130 (full 0):
 garbage-first heap   total 222208K, used 73147K [0x00000000c1400000, 0x0000000100000000)
  region size 1024K, 10 young (10240K), 8 survivors (8192K)
 Metaspace       used 71285K, committed 71808K, reserved 1114112K
  class space    used 9608K, committed 9856K, reserved 1048576K
}
Event: 133.307 GC heap after
{Heap after GC invocations=131 (full 0):
 garbage-first heap   total 222208K, used 66108K [0x00000000c1400000, 0x0000000100000000)
  region size 1024K, 1 young (1024K), 1 survivors (1024K)
 Metaspace       used 71285K, committed 71808K, reserved 1114112K
  class space    used 9608K, committed 9856K, reserved 1048576K
}
Event: 134.345 GC heap before
{Heap before GC invocations=131 (full 0):
 garbage-first heap   total 222208K, used 181820K [0x00000000c1400000, 0x0000000100000000)
  region size 1024K, 114 young (116736K), 1 survivors (1024K)
 Metaspace       used 71285K, committed 71808K, reserved 1114112K
  class space    used 9608K, committed 9856K, reserved 1048576K
}

